09-17 15:10:52 swap_pins.action_swap_pins 87:Plugin executed on: 'linux'
09-17 15:10:52 swap_pins.action_swap_pins 88:Plugin executed with python version: '3.8.5 (default, Jul 28 2020, 12:59:40) \n[GCC 9.3.0]'
09-17 15:10:52 swap_pins.action_swap_pins 89:KiCad build version: 5.1.10-88a1d61d58~90~ubuntu20.04.1
09-17 15:10:52 swap_pins.action_swap_pins 90:Swap pins plugin version: 15 started
09-17 15:10:52 swap_pins.swap_pins 58:Starting swap_pins
09-17 15:10:52 swap_pins.swap_pins 65:main sch file is: /home/patrys/git_KiCad_Hardware/Eval_Board/eval_board_tmc6200-ta/eval_board_tmc6200-ta.sch
09-17 15:10:52 swap_pins.swap_pins 66:main pcb file is: /home/patrys/git_KiCad_Hardware/Eval_Board/eval_board_tmc6200-ta/eval_board_tmc6200-ta.kicad_pcb
09-17 15:10:52 swap_pins.swap_pins 67:sch cache file is: /home/patrys/git_KiCad_Hardware/Eval_Board/eval_board_tmc6200-ta/eval_board_tmc6200-ta-cache.lib
09-17 15:10:52 swap_pins.swap_pins 80:Swaping pins: 21, 20 on: U801 on nets: GPA4, GPA3
09-17 15:10:52 swap_pins.swap_pins 473:found subsheet:
	/home/patrys/git_KiCad_Hardware/Eval_Board/eval_board_tmc6200-ta/BLDC_MOTOR.sch
 in:
	/home/patrys/git_KiCad_Hardware/Eval_Board/eval_board_tmc6200-ta/eval_board_tmc6200-ta.sch, line: 19
09-17 15:10:52 swap_pins.swap_pins 473:found subsheet:
	/home/patrys/git_KiCad_Hardware/Eval_Board/eval_board_tmc6200-ta/U_MOSFET_BRIDGE.sch
 in:
	/home/patrys/git_KiCad_Hardware/Eval_Board/eval_board_tmc6200-ta/BLDC_MOTOR.sch, line: 138
09-17 15:10:52 swap_pins.swap_pins 473:found subsheet:
	/home/patrys/git_KiCad_Hardware/Eval_Board/eval_board_tmc6200-ta/V_MOSFET_BRIDGE.sch
 in:
	/home/patrys/git_KiCad_Hardware/Eval_Board/eval_board_tmc6200-ta/BLDC_MOTOR.sch, line: 827
09-17 15:10:52 swap_pins.swap_pins 473:found subsheet:
	/home/patrys/git_KiCad_Hardware/Eval_Board/eval_board_tmc6200-ta/W_MOSFET_BRIDGE.sch
 in:
	/home/patrys/git_KiCad_Hardware/Eval_Board/eval_board_tmc6200-ta/BLDC_MOTOR.sch, line: 840
09-17 15:10:52 swap_pins.swap_pins 473:found subsheet:
	/home/patrys/git_KiCad_Hardware/Eval_Board/eval_board_tmc6200-ta/BUCK_Converter.sch
 in:
	/home/patrys/git_KiCad_Hardware/Eval_Board/eval_board_tmc6200-ta/eval_board_tmc6200-ta.sch, line: 43
09-17 15:10:52 swap_pins.swap_pins 473:found subsheet:
	/home/patrys/git_KiCad_Hardware/Eval_Board/eval_board_tmc6200-ta/Microcontroller.sch
 in:
	/home/patrys/git_KiCad_Hardware/Eval_Board/eval_board_tmc6200-ta/eval_board_tmc6200-ta.sch, line: 70
09-17 15:10:52 swap_pins.swap_pins 473:found subsheet:
	/home/patrys/git_KiCad_Hardware/Eval_Board/eval_board_tmc6200-ta/IO
 in:
	/home/patrys/git_KiCad_Hardware/Eval_Board/eval_board_tmc6200-ta/eval_board_tmc6200-ta.sch, line: 132
09-17 15:10:52 swap_pins.action_swap_pins 148:Fatal error when swapping pins
Traceback (most recent call last):
  File "/home/patrys/.kicad/scripting/plugins/swap_pins/action_swap_pins.py", line 137, in Run
    swap_pins.swap(board, pad1, pad2)
  File "/home/patrys/.kicad/scripting/plugins/swap_pins/swap_pins.py", line 85, in swap
    all_sch_files = find_all_sch_files(sch_file, all_sch_files)
  File "/home/patrys/.kicad/scripting/plugins/swap_pins/swap_pins.py", line 475, in find_all_sch_files
    seznam = find_all_sch_files(sheet, list_of_files)
  File "/home/patrys/.kicad/scripting/plugins/swap_pins/swap_pins.py", line 472, in find_all_sch_files
    for sheet, line_nr in extract_subsheets(filename):
  File "/home/patrys/.kicad/scripting/plugins/swap_pins/swap_pins.py", line 427, in extract_subsheets
    with open(filename, 'rb') as f:
FileNotFoundError: [Errno 2] No such file or directory: '/home/patrys/git_KiCad_Hardware/Eval_Board/eval_board_tmc6200-ta/IO'
